<?xml version="1.0" encoding="UTF-8"?>
<!-- Generated by org.testng.reporters.JUnitReportReporter -->
<testsuite skipped="0" hostname="Mohammad-uddin" name="expedia.LoginWithValidCredentialUsingEmail" tests="1" failures="0" timestamp="2020-07-08T01:56:40 EDT" time="13.015" errors="0">
  <testcase name="loginWithValidCredentialUsingEmailTest" time="13.015" classname="expedia.LoginWithValidCredentialUsingEmail"/>
  <system-out/>
</testsuite> <!-- expedia.LoginWithValidCredentialUsingEmail -->
