<?xml version="1.0" encoding="UTF-8"?>
<!-- Generated by org.testng.reporters.JUnitReportReporter -->
<testsuite skipped="0" hostname="Mohammad-uddin" name="forapple.ConfiApple" tests="3" failures="0" timestamp="2020-06-27T23:30:52 EDT" time="44.924" errors="0">
  <testcase name="checktooperlink" time="16.072" classname="forapple.ConfiApple"/>
  <system-out/>
  <testcase name="TVTest" time="13.875" classname="forapple.ConfiApple"/>
  <system-out/>
  <testcase name="supportlink" time="14.977" classname="forapple.ConfiApple"/>
  <system-out/>
</testsuite> <!-- forapple.ConfiApple -->
