<?xml version="1.0" encoding="UTF-8"?>
<!-- Generated by org.testng.reporters.JUnitReportReporter -->
<testsuite skipped="0" hostname="Mohammad-uddin" name="travelocity.NewRegisterTest" tests="1" failures="0" timestamp="2020-07-08T14:16:48 EDT" time="11.203" errors="0">
  <testcase name="registerWithNewEmailTest" time="11.203" classname="travelocity.NewRegisterTest"/>
  <system-out/>
</testsuite> <!-- travelocity.NewRegisterTest -->
