<?xml version="1.0" encoding="UTF-8"?>
<!-- Generated by org.testng.reporters.JUnitReportReporter -->
<testsuite skipped="0" hostname="Mohammad-uddin" name="seleniumSFW2021.Classwrok" tests="2" failures="0" timestamp="2020-06-24T13:36:35 EDT" time="1.128" errors="0">
  <testcase name="loginTest" time="0.004" classname="seleniumSFW2021.Classwrok"/>
  <system-out/>
  <testcase name="signUPFBTest" time="1.124" classname="seleniumSFW2021.Classwrok"/>
  <system-out/>
</testsuite> <!-- seleniumSFW2021.Classwrok -->
